#
# There is insufficient memory for the Java Runtime Environment to continue.
# Native memory allocation (mmap) failed to map 264241152 bytes for G1 virtual space
# Possible reasons:
#   The system is out of physical RAM or swap space
#   The process is running with CompressedOops enabled, and the Java Heap may be blocking the growth of the native heap
# Possible solutions:
#   Reduce memory load on the system
#   Increase physical memory or swap space
#   Check if swap backing store is full
#   Decrease Java heap size (-Xmx/-Xms)
#   Decrease number of Java threads
#   Decrease Java thread stack sizes (-Xss)
#   Set larger code cache with -XX:ReservedCodeCacheSize=
#   JVM is running with Zero Based Compressed Oops mode in which the Java heap is
#     placed in the first 32GB address space. The Java Heap base address is the
#     maximum limit for the native heap growth. Please use -XX:HeapBaseMinAddress
#     to set the Java Heap base and to place the Java Heap above 32GB virtual address.
# This output file may be truncated or incomplete.
#
#  Out of Memory Error (os_windows.cpp:3600), pid=69136, tid=59768
#
# JRE version:  (21.0.1+12) (build )
# Java VM: OpenJDK 64-Bit Server VM (21.0.1+12-29, mixed mode, emulated-client, sharing, tiered, compressed oops, compressed class ptrs, g1 gc, windows-amd64)
# No core dump will be written. Minidumps are not enabled by default on client versions of Windows
#

---------------  S U M M A R Y ------------

Command Line: -XX:TieredStopAtLevel=1 -Dspring.output.ansi.enabled=always -Dcom.sun.management.jmxremote -Dspring.jmx.enabled=true -Dspring.liveBeansView.mbeanDomain -Dspring.application.admin.enabled=true -Dmanagement.endpoints.jmx.exposure.include=* -javaagent:C:\Program Files\JetBrains\IntelliJ IDEA 2023.2.4\lib\idea_rt.jar=59487:C:\Program Files\JetBrains\IntelliJ IDEA 2023.2.4\bin -Dfile.encoding=UTF-8 -Dsun.stdout.encoding=UTF-8 -Dsun.stderr.encoding=UTF-8 org.example.FirebaseApplication

Host: 11th Gen Intel(R) Core(TM) i7-11800H @ 2.30GHz, 16 cores, 15G,  Windows 11 , 64 bit Build 22621 (10.0.22621.2428)
Time: Sat Oct 28 19:57:57 2023 Eastern Daylight Time elapsed time: 0.015178 seconds (0d 0h 0m 0s)

---------------  T H R E A D  ---------------

Current thread (0x000001b3c19ba690):  JavaThread "Unknown thread" [_thread_in_vm, id=59768, stack(0x0000000b79500000,0x0000000b79600000) (1024K)]

Stack: [0x0000000b79500000,0x0000000b79600000]
Native frames: (J=compiled Java code, j=interpreted, Vv=VM code, C=native code)
V  [jvm.dll+0x6c9029]
V  [jvm.dll+0x854b81]
V  [jvm.dll+0x856e5e]
V  [jvm.dll+0x857543]
V  [jvm.dll+0x280c06]
V  [jvm.dll+0x6c5715]
V  [jvm.dll+0x6ba10a]
V  [jvm.dll+0x3557ea]
V  [jvm.dll+0x35d436]
V  [jvm.dll+0x3ae1be]
V  [jvm.dll+0x3ae468]
V  [jvm.dll+0x3291fc]
V  [jvm.dll+0x329d8b]
V  [jvm.dll+0x81d179]
V  [jvm.dll+0x3bb4f1]
V  [jvm.dll+0x805ae8]
V  [jvm.dll+0x44effe]
V  [jvm.dll+0x450901]
C  [jli.dll+0x52a3]
C  [ucrtbase.dll+0x29363]
C  [KERNEL32.DLL+0x1257d]
C  [ntdll.dll+0x5aa78]


---------------  P R O C E S S  ---------------

Threads class SMR info:
_java_thread_list=0x00007ffb5c1d9b88, length=0, elements={
}

Java Threads: ( => current thread )
Total: 0

Other Threads:
  0x000001b3c3cc8c10 WorkerThread "GC Thread#0"                     [id=16756, stack(0x0000000b79600000,0x0000000b79700000) (1024K)]
  0x000001b3c3cd98f0 ConcurrentGCThread "G1 Main Marker"            [id=67252, stack(0x0000000b79700000,0x0000000b79800000) (1024K)]
  0x000001b3c3cdab90 WorkerThread "G1 Conc#0"                       [id=65944, stack(0x0000000b79800000,0x0000000b79900000) (1024K)]

[error occurred during error reporting (printing all threads), id 0xc0000005, EXCEPTION_ACCESS_VIOLATION (0xc0000005) at pc=0x00007ffb5b94c2c7]
VM state: not at safepoint (not fully initialized)

VM Mutex/Monitor currently owned by a thread:  ([mutex/lock_event])
[0x00007ffb5c24a6f8] Heap_lock - owner thread: 0x000001b3c19ba690

Heap address: 0x0000000704a00000, size: 4022 MB, Compressed Oops mode: Zero based, Oop shift amount: 3

CDS archive(s) mapped at: [0x0000000000000000-0x0000000000000000-0x0000000000000000), size 0, SharedBaseAddress: 0x0000000800000000, ArchiveRelocationMode: 1.
Narrow klass base: 0x0000000000000000, Narrow klass shift: 0, Narrow klass range: 0x0

GC Precious Log:
 CardTable entry size: 512
 Card Set container configuration: InlinePtr #cards 4 size 8 Array Of Cards #cards 16 size 48 Howl #buckets 8 coarsen threshold 3686 Howl Bitmap #cards 512 size 80 coarsen threshold 460 Card regions per heap region 1 cards per card region 4096

Heap:
 garbage-first heap   total 0K, used 0K [0x0000000704a00000, 0x0000000800000000)
  region size 2048K, 0 young (0K), 0 survivors (0K)

[error occurred during error reporting (printing heap information), id 0xc0000005, EXCEPTION_ACCESS_VIOLATION (0xc0000005) at pc=0x00007ffb5bd31be9]
GC Heap History (0 events):
No events

Dll operation events (1 events):
Event: 0.009 Loaded shared library C:\Users\Matt\.jdks\openjdk-21.0.1\bin\java.dll

Deoptimization events (0 events):
No events

Classes loaded (0 events):
No events

Classes unloaded (0 events):
No events

Classes redefined (0 events):
No events

Internal exceptions (0 events):
No events

ZGC Phase Switch (0 events):
No events

VM Operations (0 events):
No events

Events (0 events):
No events


Dynamic libraries:
0x00007ff788020000 - 0x00007ff78802e000 	C:\Users\Matt\.jdks\openjdk-21.0.1\bin\java.exe
0x00007ffbe38b0000 - 0x00007ffbe3ac7000 	C:\WINDOWS\SYSTEM32\ntdll.dll
0x00007ffbe2680000 - 0x00007ffbe2744000 	C:\WINDOWS\System32\KERNEL32.DLL
0x00007ffbe1230000 - 0x00007ffbe15d6000 	C:\WINDOWS\System32\KERNELBASE.dll
0x00007ffbe0c30000 - 0x00007ffbe0d41000 	C:\WINDOWS\System32\ucrtbase.dll
0x00007ffbd3e30000 - 0x00007ffbd3e48000 	C:\Users\Matt\.jdks\openjdk-21.0.1\bin\jli.dll
0x00007ffbd3dd0000 - 0x00007ffbd3deb000 	C:\Users\Matt\.jdks\openjdk-21.0.1\bin\VCRUNTIME140.dll
0x00007ffbe20d0000 - 0x00007ffbe227d000 	C:\WINDOWS\System32\USER32.dll
0x00007ffbe15e0000 - 0x00007ffbe1606000 	C:\WINDOWS\System32\win32u.dll
0x00007ffbbb2f0000 - 0x00007ffbbb583000 	C:\WINDOWS\WinSxS\amd64_microsoft.windows.common-controls_6595b64144ccf1df_6.0.22621.2361_none_2712ced57382f843\COMCTL32.dll
0x00007ffbe3310000 - 0x00007ffbe3339000 	C:\WINDOWS\System32\GDI32.dll
0x00007ffbe24a0000 - 0x00007ffbe2547000 	C:\WINDOWS\System32\msvcrt.dll
0x00007ffbe0e60000 - 0x00007ffbe0f78000 	C:\WINDOWS\System32\gdi32full.dll
0x00007ffbe0d50000 - 0x00007ffbe0dea000 	C:\WINDOWS\System32\msvcp_win.dll
0x00007ffbe2550000 - 0x00007ffbe2581000 	C:\WINDOWS\System32\IMM32.DLL
0x00007ffbd3e20000 - 0x00007ffbd3e2c000 	C:\Users\Matt\.jdks\openjdk-21.0.1\bin\vcruntime140_1.dll
0x00007ffb9e420000 - 0x00007ffb9e4ae000 	C:\Users\Matt\.jdks\openjdk-21.0.1\bin\msvcp140.dll
0x00007ffb5b610000 - 0x00007ffb5c325000 	C:\Users\Matt\.jdks\openjdk-21.0.1\bin\server\jvm.dll
0x00007ffbe2280000 - 0x00007ffbe2330000 	C:\WINDOWS\System32\ADVAPI32.dll
0x00007ffbe3260000 - 0x00007ffbe3306000 	C:\WINDOWS\System32\sechost.dll
0x00007ffbe3670000 - 0x00007ffbe3787000 	C:\WINDOWS\System32\RPCRT4.dll
0x00007ffbe2cd0000 - 0x00007ffbe2d41000 	C:\WINDOWS\System32\WS2_32.dll
0x00007ffbdfac0000 - 0x00007ffbdfb0d000 	C:\WINDOWS\SYSTEM32\POWRPROF.dll
0x00007ffbd6ba0000 - 0x00007ffbd6bd4000 	C:\WINDOWS\SYSTEM32\WINMM.dll
0x00007ffbd6a50000 - 0x00007ffbd6a5a000 	C:\WINDOWS\SYSTEM32\VERSION.dll
0x00007ffbdfaa0000 - 0x00007ffbdfab3000 	C:\WINDOWS\SYSTEM32\UMPDC.dll
0x00007ffbdfcc0000 - 0x00007ffbdfcd8000 	C:\WINDOWS\SYSTEM32\kernel.appcore.dll
0x00007ffbd3dc0000 - 0x00007ffbd3dca000 	C:\Users\Matt\.jdks\openjdk-21.0.1\bin\jimage.dll
0x00007ffbde590000 - 0x00007ffbde7be000 	C:\WINDOWS\SYSTEM32\DBGHELP.DLL
0x00007ffbe2d80000 - 0x00007ffbe310a000 	C:\WINDOWS\System32\combase.dll
0x00007ffbe3790000 - 0x00007ffbe3867000 	C:\WINDOWS\System32\OLEAUT32.dll
0x00007ffbc2ca0000 - 0x00007ffbc2cd2000 	C:\WINDOWS\SYSTEM32\dbgcore.DLL
0x00007ffbe11b0000 - 0x00007ffbe122a000 	C:\WINDOWS\System32\bcryptPrimitives.dll
0x00007ffbd2db0000 - 0x00007ffbd2dbf000 	C:\Users\Matt\.jdks\openjdk-21.0.1\bin\instrument.dll
0x00007ffbcebd0000 - 0x00007ffbcebef000 	C:\Users\Matt\.jdks\openjdk-21.0.1\bin\java.dll

dbghelp: loaded successfully - version: 4.0.5 - missing functions: none
symbol engine: initialized successfully - sym options: 0x614 - pdb path: .;C:\Users\Matt\.jdks\openjdk-21.0.1\bin;C:\WINDOWS\SYSTEM32;C:\WINDOWS\WinSxS\amd64_microsoft.windows.common-controls_6595b64144ccf1df_6.0.22621.2361_none_2712ced57382f843;C:\Users\Matt\.jdks\openjdk-21.0.1\bin\server

VM Arguments:
jvm_args: -XX:TieredStopAtLevel=1 -Dspring.output.ansi.enabled=always -Dcom.sun.management.jmxremote -Dspring.jmx.enabled=true -Dspring.liveBeansView.mbeanDomain -Dspring.application.admin.enabled=true -Dmanagement.endpoints.jmx.exposure.include=* -javaagent:C:\Program Files\JetBrains\IntelliJ IDEA 2023.2.4\lib\idea_rt.jar=59487:C:\Program Files\JetBrains\IntelliJ IDEA 2023.2.4\bin -Dfile.encoding=UTF-8 -Dsun.stdout.encoding=UTF-8 -Dsun.stderr.encoding=UTF-8 
java_command: org.example.FirebaseApplication
java_class_path (initial): C:\Users\Matt\IdeaProjects\Firebase\target\classes;C:\Users\Matt\.m2\repository\org\springframework\boot\spring-boot-starter-web\3.0.2-SNAPSHOT\spring-boot-starter-web-3.0.2-20230120.001144-68.jar;C:\Users\Matt\.m2\repository\org\springframework\boot\spring-boot-starter\3.0.2-SNAPSHOT\spring-boot-starter-3.0.2-20230120.001144-68.jar;C:\Users\Matt\.m2\repository\org\springframework\boot\spring-boot-starter-logging\3.0.2-SNAPSHOT\spring-boot-starter-logging-3.0.2-20230120.001144-68.jar;C:\Users\Matt\.m2\repository\ch\qos\logback\logback-classic\1.4.5\logback-classic-1.4.5.jar;C:\Users\Matt\.m2\repository\ch\qos\logback\logback-core\1.4.5\logback-core-1.4.5.jar;C:\Users\Matt\.m2\repository\org\apache\logging\log4j\log4j-to-slf4j\2.19.0\log4j-to-slf4j-2.19.0.jar;C:\Users\Matt\.m2\repository\org\apache\logging\log4j\log4j-api\2.19.0\log4j-api-2.19.0.jar;C:\Users\Matt\.m2\repository\org\slf4j\jul-to-slf4j\2.0.6\jul-to-slf4j-2.0.6.jar;C:\Users\Matt\.m2\repository\jakarta\annotation\jakarta.annotation-api\2.1.1\jakarta.annotation-api-2.1.1.jar;C:\Users\Matt\.m2\repository\org\yaml\snakeyaml\1.33\snakeyaml-1.33.jar;C:\Users\Matt\.m2\repository\org\springframework\boot\spring-boot-starter-json\3.0.2-SNAPSHOT\spring-boot-starter-json-3.0.2-20230120.001144-68.jar;C:\Users\Matt\.m2\repository\com\fasterxml\jackson\core\jackson-databind\2.14.1\jackson-databind-2.14.1.jar;C:\Users\Matt\.m2\repository\com\fasterxml\jackson\core\jackson-annotations\2.14.1\jackson-annotations-2.14.1.jar;C:\Users\Matt\.m2\repository\com\fasterxml\jackson\core\jackson-core\2.14.1\jackson-core-2.14.1.jar;C:\Users\Matt\.m2\repository\com\fasterxml\jackson\datatype\jackson-datatype-jdk8\2.14.1\jackson-datatype-jdk8-2.14.1.jar;C:\Users\Matt\.m2\repository\com\fasterxml\jackson\datatype\jackson-datatype-jsr310\2.14.1\jackson-datatype-jsr310-2.14.1.jar;C:\Users\Matt\.m2\repository\com\fasterxml\jackson\module\jackson-module-parameter-names\2.14.1\jackson-module-parameter-names-2.14.1.jar;C:\Users\Matt\.m2\repository\org\springframework\boot\spring-boot-starter-tomcat\3.0.2-SNAPSHOT\spring-boot-starter-tomcat-3.0.2-20230120.001144-68.jar;C:\Users\Matt\.m2\repository\org\apache\tomcat\embed\tomcat-embed-core\10.1.5\tomcat-embed-core-10.1.5.jar;C:\Users\Matt\.m2\repository\org\apache\tomcat\embed\tomcat-embed-el\10.1.5\tomcat-embed-el-10.1.5.jar;C:\Users\Matt\.m2\repository\org\apache\tomcat\embed\tomcat-embed-websocket\10.1.5\tomcat-embed-websocket-10.1.5.jar;C:\Users\Matt\.m2\repository\org\springframework\spring-web\6.0.4\spring-web-6.0.4.jar;C:\Users\Matt\.m2\repository\org\springframework\spring-beans\6.0.4\spring-beans-6.0.4.jar;C:\Users\Matt\.m2\repository\io\micrometer\micrometer-observation\1.10.3\micrometer-observation-1.10.3.jar;C:\Users\Matt\.m2\repository\io\micrometer\micrometer-commons\1.10.3\micrometer-commons-1.10.3.jar;C:\Users\Matt\.m2\repository\org\springframework\spring-webmvc\6.0.4\spring-webmvc-6.0.4.jar;C:\Users\Matt\.m2\repository\org\springframework\spring-context\6.0.4\spring-context-6.0.4.jar;C:\Users\Matt\.m2\repository\org\springframework\spring-expression\6.0.4\spring-expression-6.0.4.jar;C:\Users\Matt\.m2\repository\jakarta\xml\bind\jakarta.xml.bind-api\4.0.0\jakarta.xml.bind-api-4.0.0.jar;C:\Users\Matt\.m2\repository\jakarta\activation\jakarta.activation-api\2.1.1\jakarta.activation-api-2.1.1.jar;C:\Users\Matt\.m2\repository\net\bytebuddy\byte-buddy\1.12.22\byte-buddy-1.12.22.jar;C:\Users\Matt\.m2\repository\org\springframework\spring-core\6.0.4\spring-core-6.0.4.jar;C:\Users\Matt\.m2\repository\org\springframework\spring-jcl\6.0.4\spring-jcl-6.0.4.jar;C:\Users\Matt\.m2\repository\org\springframework\spring-test\6.0.4\spring-test-6.0.4.jar;C:\Users\Matt\.m2\repository\org\springframework\boot\spring-boot-starter-thymeleaf\3.0.2-SNAPSHOT\spring-boot-starter-thymeleaf-3.0.2-20230120.001144-68.jar;C:\Users\Matt\.m2\repository\org\thymeleaf\thymeleaf-spring6\3.1.1.RELEASE\thymeleaf-spring6-3.1.1.RELEASE.jar;C:\Users\Matt\.m2\repository\org\thymeleaf\thymeleaf\3.1.1.RELEASE\thymeleaf-3.1.1.RELEASE.jar;C:\Users\Matt\.m2\repository\org\attoparser\attoparser\2.0.6.RELEASE\attoparser-2.0.6.RELEASE.jar;C:\Users\Matt\.m2\repository\org\unbescape\unbescape\1.1.6.RELEASE\unbescape-1.1.6.RELEASE.jar;C:\Users\Matt\.m2\repository\org\springframework\boot\spring-boot-devtools\3.0.2-SNAPSHOT\spring-boot-devtools-3.0.2-20230120.001144-68.jar;C:\Users\Matt\.m2\repository\org\springframework\boot\spring-boot\3.0.2-SNAPSHOT\spring-boot-3.0.2-20230120.001144-68.jar;C:\Users\Matt\.m2\repository\org\springframework\boot\spring-boot-autoconfigure\3.0.2-SNAPSHOT\spring-boot-autoconfigure-3.0.2-20230120.001144-68.jar;C:\Users\Matt\.m2\repository\org\projectlombok\lombok\1.18.24\lombok-1.18.24.jar;C:\Users\Matt\.m2\repository\org\springframework\boot\spring-boot-starter-data-jpa\3.0.2-SNAPSHOT\spring-boot-starter-data-jpa-3.0.2-20230120.001144-68.jar;C:\Users\Matt\.m2\repository\org\springframework\boot\spring-boot-starter-aop\3.0.2-SNAPSHOT\spring-boot-starter-aop-3.0.2-20230120.001144-68.jar;C:\Users\Matt\.m2\repository\org\aspectj\aspectjweaver\1.9.19\aspectjweaver-1.9.19.jar;C:\Users\Matt\.m2\repository\org\springframework\boot\spring-boot-starter-jdbc\3.0.2-SNAPSHOT\spring-boot-starter-jdbc-3.0.2-20230120.001144-68.jar;C:\Users\Matt\.m2\repository\com\zaxxer\HikariCP\5.0.1\HikariCP-5.0.1.jar;C:\Users\Matt\.m2\repository\org\springframework\spring-jdbc\6.0.4\spring-jdbc-6.0.4.jar;C:\Users\Matt\.m2\repository\org\hibernate\orm\hibernate-core\6.1.6.Final\hibernate-core-6.1.6.Final.jar;C:\Users\Matt\.m2\repository\jakarta\persistence\jakarta.persistence-api\3.1.0\jakarta.persistence-api-3.1.0.jar;C:\Users\Matt\.m2\repository\jakarta\transaction\jakarta.transaction-api\2.0.1\jakarta.transaction-api-2.0.1.jar;C:\Users\Matt\.m2\repository\org\jboss\logging\jboss-logging\3.5.0.Final\jboss-logging-3.5.0.Final.jar;C:\Users\Matt\.m2\repository\org\hibernate\common\hibernate-commons-annotations\6.0.2.Final\hibernate-commons-annotations-6.0.2.Final.jar;C:\Users\Matt\.m2\repository\org\jboss\jandex\2.4.2.Final\jandex-2.4.2.Final.jar;C:\Users\Matt\.m2\repository\com\fasterxml\classmate\1.5.1\classmate-1.5.1.jar;C:\Users\Matt\.m2\repository\org\glassfish\jaxb\jaxb-runtime\4.0.1\jaxb-runtime-4.0.1.jar;C:\Users\Matt\.m2\repository\org\glassfish\jaxb\jaxb-core\4.0.1\jaxb-core-4.0.1.jar;C:\Users\Matt\.m2\repository\org\glassfish\jaxb\txw2\4.0.1\txw2-4.0.1.jar;C:\Users\Matt\.m2\repository\com\sun\istack\istack-commons-runtime\4.1.1\istack-commons-runtime-4.1.1.jar;C:\Users\Matt\.m2\repository\jakarta\inject\jakarta.inject-api\2.0.0\jakarta.inject-api-2.0.0.jar;C:\Users\Matt\.m2\repository\org\antlr\antlr4-runtime\4.10.1\antlr4-runtime-4.10.1.jar;C:\Users\Matt\.m2\repository\org\springframework\data\spring-data-jpa\3.0.1\spring-data-jpa-3.0.1.jar;C:\Users\Matt\.m2\repository\org\springframework\data\spring-data-commons\3.0.1\spring-data-commons-3.0.1.jar;C:\Users\Matt\.m2\repository\org\springframework\spring-orm\6.0.4\spring-orm-6.0.4.jar;C:\Users\Matt\.m2\repository\org\springframework\spring-tx\6.0.4\spring-tx-6.0.4.jar;C:\Users\Matt\.m2\repository\org\springframework\spring-aspects\6.0.4\spring-aspects-6.0.4.jar;C:\Users\Matt\.m2\repository\org\jetbrains\annotations\13.0\annotations-13.0.jar;C:\Users\Matt\.m2\repository\org\thymeleaf\extras\thymeleaf-extras-springsecurity6\3.1.1.RELEASE\thymeleaf-extras-springsecurity6-3.1.1.RELEASE.jar;C:\Users\Matt\.m2\repository\org\slf4j\slf4j-api\2.0.6\slf4j-api-2.0.6.jar;C:\Users\Matt\.m2\repository\org\springframework\boot\spring-boot-starter-security\3.0.2-SNAPSHOT\spring-boot-starter-security-3.0.2-20230120.001144-68.jar;C:\Users\Matt\.m2\repository\org\springframework\spring-aop\6.0.4\spring-aop-6.0.4.jar;C:\Users\Matt\.m2\repository\org\springframework\security\spring-security-config\6.0.1\spring-security-config-6.0.1.jar;C:\Users\Matt\.m2\repository\org\springframework\security\spring-security-web\6.0.1\spring-security-web-6.0.1.jar;C:\Users\Matt\.m2\repository\org\springframework\boot\spring-boot-starter-mail\3.0.2-SNAPSHOT\spring-boot-starter-mail-3.0.2-20230120.001144-68.jar;C:\Users\Matt\.m2\repository\org\springframework\spring-context-support\6.0.4\spring-context-support-6.0.4.jar;C:\Users\Matt\.m2\repository\org\eclipse\angus\jakarta.mail\1.0.0\jakarta.mail-1.0.0.jar;C:\Users\Matt\.m2\repository\org\eclipse\angus\angus-activation\1.0.0\angus-activation-1.0.0.jar;C:\Users\Matt\.m2\repository\org\springframework\boot\spring-boot-test\3.0.2-SNAPSHOT\spring-boot-test-3.0.2-20230120.001144-68.jar;C:\Users\Matt\.m2\repository\org\springframework\security\spring-security-test\6.0.1\spring-security-test-6.0.1.jar;C:\Users\Matt\.m2\repository\org\springframework\security\spring-security-core\6.0.1\spring-security-core-6.0.1.jar;C:\Users\Matt\.m2\repository\org\springframework\security\spring-security-crypto\6.0.1\spring-security-crypto-6.0.1.jar
Launcher Type: SUN_STANDARD

[Global flags]
     intx CICompilerCount                          = 12                                        {product} {ergonomic}
     uint ConcGCThreads                            = 3                                         {product} {ergonomic}
     uint G1ConcRefinementThreads                  = 13                                        {product} {ergonomic}
   size_t G1HeapRegionSize                         = 2097152                                   {product} {ergonomic}
    uintx GCDrainStackTargetSize                   = 64                                        {product} {ergonomic}
   size_t InitialHeapSize                          = 264241152                                 {product} {ergonomic}
     bool ManagementServer                         = true                                      {product} {command line}
   size_t MarkStackSize                            = 4194304                                   {product} {ergonomic}
   size_t MaxHeapSize                              = 4217372672                                {product} {ergonomic}
   size_t MinHeapDeltaBytes                        = 2097152                                   {product} {ergonomic}
   size_t MinHeapSize                              = 8388608                                   {product} {ergonomic}
    uintx NonNMethodCodeHeapSize                   = 4096                                   {pd product} {ergonomic}
    uintx NonProfiledCodeHeapSize                  = 0                                      {pd product} {ergonomic}
     bool ProfileInterpreter                       = false                                  {pd product} {command line}
    uintx ProfiledCodeHeapSize                     = 0                                      {pd product} {ergonomic}
   size_t SoftMaxHeapSize                          = 4217372672                             {manageable} {ergonomic}
     intx TieredStopAtLevel                        = 1                                         {product} {command line}
     bool UseCompressedOops                        = true                           {product lp64_product} {ergonomic}
     bool UseG1GC                                  = true                                      {product} {ergonomic}
     bool UseLargePagesIndividualAllocation        = false                                  {pd product} {ergonomic}

Logging:
Log output configuration:
 #0: stdout all=warning uptime,level,tags foldmultilines=false
 #1: stderr all=off uptime,level,tags foldmultilines=false

Environment Variables:
PATH=C:\Program Files (x86)\Razer Chroma SDK\bin;C:\Program Files\Razer Chroma SDK\bin;C:\Program Files (x86)\Razer\ChromaBroadcast\bin;C:\Program Files\Razer\ChromaBroadcast\bin;C:\Windows\system32;C:\Windows;C:\Windows\System32\Wbem;C:\Windows\System32\WindowsPowerShell\v1.0\;C:\Windows\System32\OpenSSH\;C:\Program Files (x86)\NVIDIA Corporation\PhysX\Common;C:\Program Files\NVIDIA Corporation\NVIDIA NvDLISR;C:\Windows\system32\config\systemprofile\AppData\Local\Microsoft\WindowsApps;C:\Program Files\dotnet\;C:\WINDOWS\system32;C:\WINDOWS;C:\WINDOWS\System32\Wbem;C:\WINDOWS\System32\WindowsPowerShell\v1.0\;C:\WINDOWS\System32\OpenSSH\;C:\Program Files\Git\cmd;C:\Users\Matt\AppData\Local\Microsoft\WindowsApps;
USERNAME=Matt
OS=Windows_NT
PROCESSOR_IDENTIFIER=Intel64 Family 6 Model 141 Stepping 1, GenuineIntel
TMP=C:\Users\Matt\AppData\Local\Temp
TEMP=C:\Users\Matt\AppData\Local\Temp




Periodic native trim disabled

---------------  S Y S T E M  ---------------

OS:
 Windows 11 , 64 bit Build 22621 (10.0.22621.2428)
OS uptime: 14 days 23:33 hours

CPU: total 16 (initial active 16) (8 cores per cpu, 2 threads per core) family 6 model 141 stepping 1 microcode 0x26, cx8, cmov, fxsr, ht, mmx, 3dnowpref, sse, sse2, sse3, ssse3, sse4.1, sse4.2, popcnt, lzcnt, tsc, tscinvbit, avx, avx2, aes, erms, clmul, bmi1, bmi2, adx, avx512f, avx512dq, avx512cd, avx512bw, avx512vl, sha, fma, vzeroupper, avx512_vpopcntdq, avx512_vpclmulqdq, avx512_vaes, avx512_vnni, clflush, clflushopt, clwb, avx512_vbmi2, avx512_vbmi, rdtscp, rdpid, fsrm, gfni, avx512_bitalg, f16c, pku, cet_ibt, cet_ss, avx512_ifma
Processor Information for all 16 processors :
  Max Mhz: 2304, Current Mhz: 2304, Mhz Limit: 2304

Memory: 4k page, system-wide physical 16085M (970M free)
TotalPageFile size 20181M (AvailPageFile size 50M)
current process WorkingSet (physical memory assigned to process): 11M, peak: 11M
current process commit charge ("private bytes"): 66M, peak: 317M

vm_info: OpenJDK 64-Bit Server VM (21.0.1+12-29) for windows-amd64 JRE (21.0.1+12-29), built on 2023-10-05T13:27:09Z by "mach5one" with MS VC++ 17.1 (VS2022)

END.
